Using pre-set license
Built from '2020.2/release' branch; Version is '2020.2.1f1 (270dd8c3da1c) revision 2559448'; Using compiler version '192528614'; Build Type 'Release'
OS: 'Windows 10  (10.0.0) 64bit' Language: 'pt' Physical Memory: 16335 MB
BatchMode: 1, IsHumanControllingUs: 0, StartBugReporterOnCrash: 0, Is64bit: 1, IsPro: 0

 COMMAND LINE ARGUMENTS:
E:\Unity\2020.2.1f1\Editor\Unity.exe
-adb2
-batchMode
-noUpm
-name
AssetImportWorker0
-projectPath
D:/Projetos/Child of Shadow 2.5D
-logFile
Logs/AssetImportWorker0.log
-srvPort
65162
Successfully changed project path to: D:/Projetos/Child of Shadow 2.5D
D:/Projetos/Child of Shadow 2.5D
Using Asset Import Pipeline V2.
Refreshing native plugins compatible for Editor in 47.92 ms, found 0 plugins.
Preloading 0 native plugins for Editor in 0.00 ms.
Initialize engine version: 2020.2.1f1 (270dd8c3da1c)
[Subsystems] Discovering subsystems at path E:/Unity/2020.2.1f1/Editor/Data/Resources/UnitySubsystems
[Subsystems] Discovering subsystems at path D:/Projetos/Child of Shadow 2.5D/Assets
GfxDevice: creating device client; threaded=0
Direct3D:
    Version:  Direct3D 11.0 [level 11.1]
    Renderer: Radeon RX 570 Series (ID=0x67df)
    Vendor:   
    VRAM:     4075 MB
    Driver:   27.20.15003.5017
Initialize mono
Mono path[0] = 'E:/Unity/2020.2.1f1/Editor/Data/Managed'
Mono path[1] = 'E:/Unity/2020.2.1f1/Editor/Data/MonoBleedingEdge/lib/mono/unityjit'
Mono config path = 'E:/Unity/2020.2.1f1/Editor/Data/MonoBleedingEdge/etc'
Using monoOptions --debugger-agent=transport=dt_socket,embedding=1,server=y,suspend=n,address=127.0.0.1:56960
Begin MonoManager ReloadAssembly
Registering precompiled unity dll's ...
Register platform support module: E:/Unity/2020.2.1f1/Editor/Data/PlaybackEngines/WindowsStandaloneSupport/UnityEditor.WindowsStandalone.Extensions.dll
Register platform support module: E:/Unity/2020.2.1f1/Editor/Data/PlaybackEngines/LinuxStandaloneSupport/UnityEditor.LinuxStandalone.Extensions.dll
Registered in 0.001558 seconds.
Native extension for LinuxStandalone target not found
Native extension for WindowsStandalone target not found
Refreshing native plugins compatible for Editor in 49.22 ms, found 0 plugins.
Preloading 0 native plugins for Editor in 0.00 ms.
Invoked RoslynAnalysisRunner static constructor.
RoslynAnalysisRunner will not be running.
RoslynAnalysisRunner has terminated.
Mono: successfully reloaded assembly
- Completed reload, in  2.853 seconds
Platform modules already initialized, skipping
Registering precompiled user dll's ...
Registered in 0.002511 seconds.
Begin MonoManager ReloadAssembly
Native extension for LinuxStandalone target not found
Native extension for WindowsStandalone target not found
Refreshing native plugins compatible for Editor in 49.24 ms, found 0 plugins.
Preloading 0 native plugins for Editor in 0.00 ms.
Invoked RoslynAnalysisRunner static constructor.
RoslynAnalysisRunner will not be running.
RoslynAnalysisRunner has terminated.
Mono: successfully reloaded assembly
- Completed reload, in  0.993 seconds
Platform modules already initialized, skipping
========================================================================
Worker process is ready to serve import requests
Shader 'Universal Render Pipeline/Particles/Lit': fallback shader 'Universal Render Pipeline/Particles/SimpleLit' not found
Shader 'Universal Render Pipeline/Particles/Lit': fallback shader 'Universal Render Pipeline/Particles/SimpleLit' not found
Launched and connected shader compiler UnityShaderCompiler.exe after 0.10 seconds
Refreshing native plugins compatible for Editor in 0.42 ms, found 0 plugins.
Preloading 0 native plugins for Editor in 0.00 ms.
Unloading 2456 Unused Serialized files (Serialized files now loaded: 0)
System memory in use before: 116.3 MB.
System memory in use after: 114.4 MB.

Unloading 39 unused Assets to reduce memory usage. Loaded Objects now: 2868.
Total: 3.350100 ms (FindLiveObjects: 0.445700 ms CreateObjectMapping: 0.073400 ms MarkObjects: 1.730300 ms  DeleteObjects: 1.099600 ms)

========================================================================
Received Import Request.
  path: Assets/Resources
  artifactKey: Guid(c0471d1cf2215a74087edd0b98e06cdd) Importer(815301076,1909f56bfc062723c751e8b465ee728b)
Start importing Assets/Resources using Guid(c0471d1cf2215a74087edd0b98e06cdd) Importer(815301076,1909f56bfc062723c751e8b465ee728b)  -> (artifact id: '0dba1bb283c2f5e525e0b105233a0d9c') in 0.084034 seconds
  Import took 0.090160 seconds .

========================================================================
Received Import Request.
  Time since last request: 618.268758 seconds.
  path: Assets/Resources/1.png
  artifactKey: Guid(def4e8734ac1a124fa86a7727d1f47fb) Importer(815301076,1909f56bfc062723c751e8b465ee728b)
Start importing Assets/Resources/1.png using Guid(def4e8734ac1a124fa86a7727d1f47fb) Importer(815301076,1909f56bfc062723c751e8b465ee728b)  -> (artifact id: '03e54083a7bac865ec0a3f0c5ec9f20f') in 0.102314 seconds
  Import took 0.106028 seconds .

========================================================================
Received Import Request.
  Time since last request: 0.000186 seconds.
  path: Assets/Resources/4.png
  artifactKey: Guid(9cc13ea112bf4c24687115b06b440894) Importer(815301076,1909f56bfc062723c751e8b465ee728b)
Start importing Assets/Resources/4.png using Guid(9cc13ea112bf4c24687115b06b440894) Importer(815301076,1909f56bfc062723c751e8b465ee728b)  -> (artifact id: 'cc92413576a3ddc3e79694aa9b9b3cac') in 0.011507 seconds
  Import took 0.014795 seconds .

========================================================================
Received Import Request.
  Time since last request: 0.000190 seconds.
  path: Assets/Resources/6.png
  artifactKey: Guid(5af9932ffd2b8d1468a1912b54d473f1) Importer(815301076,1909f56bfc062723c751e8b465ee728b)
Start importing Assets/Resources/6.png using Guid(5af9932ffd2b8d1468a1912b54d473f1) Importer(815301076,1909f56bfc062723c751e8b465ee728b)  -> (artifact id: 'd09fab209478f3a192765f6b025fff75') in 0.014061 seconds
  Import took 0.017631 seconds .

========================================================================
Received Import Request.
  Time since last request: 0.000198 seconds.
  path: Assets/Resources/5.png
  artifactKey: Guid(5a609c434ae8f6f4fadd323cbc3653d9) Importer(815301076,1909f56bfc062723c751e8b465ee728b)
Start importing Assets/Resources/5.png using Guid(5a609c434ae8f6f4fadd323cbc3653d9) Importer(815301076,1909f56bfc062723c751e8b465ee728b)  -> (artifact id: 'cd8b003df414c480b75ce005bccb9829') in 0.011241 seconds
  Import took 0.014849 seconds .

========================================================================
Received Import Request.
  Time since last request: 0.000201 seconds.
  path: Assets/Resources/2.png
  artifactKey: Guid(125520a7bd4b67e48afae1792a531778) Importer(815301076,1909f56bfc062723c751e8b465ee728b)
Start importing Assets/Resources/2.png using Guid(125520a7bd4b67e48afae1792a531778) Importer(815301076,1909f56bfc062723c751e8b465ee728b)  -> (artifact id: '033891f54659c5f2d258fd858efad61f') in 0.011275 seconds
  Import took 0.015400 seconds .

========================================================================
Received Import Request.
  Time since last request: 0.000192 seconds.
  path: Assets/Resources/3.png
  artifactKey: Guid(7dd329bd694303440a37b1457185b582) Importer(815301076,1909f56bfc062723c751e8b465ee728b)
Start importing Assets/Resources/3.png using Guid(7dd329bd694303440a37b1457185b582) Importer(815301076,1909f56bfc062723c751e8b465ee728b)  -> (artifact id: 'a3776678b5d2ba5f33ec6b1246a15b39') in 0.014574 seconds
  Import took 0.018501 seconds .

========================================================================
Received Import Request.
  Time since last request: 23.206466 seconds.
  path: Assets/Resources/Animations
  artifactKey: Guid(565db795117224646a3dae33f67bcfd8) Importer(815301076,1909f56bfc062723c751e8b465ee728b)
Start importing Assets/Resources/Animations using Guid(565db795117224646a3dae33f67bcfd8) Importer(815301076,1909f56bfc062723c751e8b465ee728b)  -> (artifact id: 'f43d43e262d9c980dc415066a05bf956') in 0.007078 seconds
  Import took 0.010544 seconds .

========================================================================
Received Import Request.
  Time since last request: 6.013252 seconds.
  path: Assets/Resources/Animations/Walk
  artifactKey: Guid(271e7deacbdfbee479108d85ee790f59) Importer(815301076,1909f56bfc062723c751e8b465ee728b)
Start importing Assets/Resources/Animations/Walk using Guid(271e7deacbdfbee479108d85ee790f59) Importer(815301076,1909f56bfc062723c751e8b465ee728b)  -> (artifact id: '80cbb7ee3d12c06e771eeece175b06f3') in 0.007067 seconds
  Import took 0.010565 seconds .

========================================================================
Received Import Request.
  Time since last request: 443.175016 seconds.
  path: Assets/Resources/Animations/Walk/Sprite.controller
  artifactKey: Guid(8b1f77f4e8cf950439ed8d77d1d1f4a1) Importer(815301076,1909f56bfc062723c751e8b465ee728b)
Start importing Assets/Resources/Animations/Walk/Sprite.controller using Guid(8b1f77f4e8cf950439ed8d77d1d1f4a1) Importer(815301076,1909f56bfc062723c751e8b465ee728b)  -> (artifact id: '11b07e26552c8f3629585ab72fdc2544') in 0.013598 seconds
  Import took 0.018032 seconds .

========================================================================
Received Import Request.
  Time since last request: 0.889824 seconds.
  path: Assets/Resources/Animations/Walk/Sprite 1.controller
  artifactKey: Guid(26d2f8f1f6f7d68459d622955bcbf2d5) Importer(815301076,1909f56bfc062723c751e8b465ee728b)
Start importing Assets/Resources/Animations/Walk/Sprite 1.controller using Guid(26d2f8f1f6f7d68459d622955bcbf2d5) Importer(815301076,1909f56bfc062723c751e8b465ee728b)  -> (artifact id: '929e256dfd198224fad6cf4ae0a74957') in 0.008682 seconds
  Import took 0.012837 seconds .

========================================================================
Received Import Request.
  Time since last request: 9.974640 seconds.
  path: Assets/Resources/Animations/Walk/walk.anim
  artifactKey: Guid(c03d720351b609348a61756b0279e6cb) Importer(815301076,1909f56bfc062723c751e8b465ee728b)
Start importing Assets/Resources/Animations/Walk/walk.anim using Guid(c03d720351b609348a61756b0279e6cb) Importer(815301076,1909f56bfc062723c751e8b465ee728b)  -> (artifact id: 'd86c04e5738024c512a14cb6bfa1cf9b') in 0.017541 seconds
  Import took 0.034674 seconds .

AssetImportWorkerClient::OnTransportError - code=2 error=End of file
